[debug] [2025-01-31T08:07:28.596Z] ----------------------------------------------------------------------
[debug] [2025-01-31T08:07:28.600Z] Command:       C:\Program Files\nodejs\node.exe C:\Users\ragun\AppData\Roaming\npm\node_modules\firebase-tools\lib\bin\firebase.js init functions
[debug] [2025-01-31T08:07:28.600Z] CLI Version:   13.29.1
[debug] [2025-01-31T08:07:28.601Z] Platform:      win32
[debug] [2025-01-31T08:07:28.601Z] Node Version:  v20.5.0
[debug] [2025-01-31T08:07:28.601Z] Time:          Fri Jan 31 2025 13:37:28 GMT+0530 (India Standard Time)
[debug] [2025-01-31T08:07:28.601Z] ----------------------------------------------------------------------
[debug] 
[debug] [2025-01-31T08:07:28.691Z] Object "" in "firebase.json" has unknown property: {"additionalProperty":"flutter"}
[debug] [2025-01-31T08:07:28.697Z] > command requires scopes: ["email","openid","https://www.googleapis.com/auth/cloudplatformprojects.readonly","https://www.googleapis.com/auth/firebase","https://www.googleapis.com/auth/cloud-platform"]
[debug] [2025-01-31T08:07:28.697Z] > authorizing via signed-in user (ragunathg00@gmail.com)
[debug] [2025-01-31T08:07:28.699Z] Object "" in "firebase.json" has unknown property: {"additionalProperty":"flutter"}
[info] 
     ######## #### ########  ######## ########     ###     ######  ########
     ##        ##  ##     ## ##       ##     ##  ##   ##  ##       ##
     ######    ##  ########  ######   ########  #########  ######  ######
     ##        ##  ##    ##  ##       ##     ## ##     ##       ## ##
     ##       #### ##     ## ######## ########  ##     ##  ######  ########

You're about to initialize a Firebase project in this directory:

  F:\loanscope

Before we get started, keep in mind:

  * You are initializing within an existing Firebase project directory

[info] 
=== Project Setup
[info] 
[info] First, let's associate this project directory with a Firebase project.
[info] You can create multiple project aliases by running firebase use --add, 
[info] but for now we'll just set up a default project.
[info] 
[debug] [2025-01-31T08:07:31.621Z] Using project from CLI flag: loanscope-9f38b
[debug] [2025-01-31T08:07:31.622Z] Checked if tokens are valid: true, expires at: 1738313821291
[debug] [2025-01-31T08:07:31.622Z] Checked if tokens are valid: true, expires at: 1738313821291
[debug] [2025-01-31T08:07:31.624Z] >>> [apiv2][query] GET https://firebase.googleapis.com/v1beta1/projects/loanscope-9f38b [none]
[debug] [2025-01-31T08:07:32.871Z] <<< [apiv2][status] GET https://firebase.googleapis.com/v1beta1/projects/loanscope-9f38b 200
[debug] [2025-01-31T08:07:32.871Z] <<< [apiv2][body] GET https://firebase.googleapis.com/v1beta1/projects/loanscope-9f38b {"projectId":"loanscope-9f38b","projectNumber":"390743510536","displayName":"loanscope","name":"projects/loanscope-9f38b","resources":{"hostingSite":"loanscope-9f38b"},"state":"ACTIVE","etag":"1_da1c7285-a07d-470f-a2bb-b97ab6912aa7"}
[info] i  Using project loanscope-9f38b (loanscope) 
[info] 
=== Functions Setup
[debug] [2025-01-31T08:07:32.905Z] > command requires scopes: ["email","openid","https://www.googleapis.com/auth/cloudplatformprojects.readonly","https://www.googleapis.com/auth/firebase","https://www.googleapis.com/auth/cloud-platform"]
[debug] [2025-01-31T08:07:32.905Z] > authorizing via signed-in user (ragunathg00@gmail.com)
[debug] [2025-01-31T08:07:32.905Z] [iam] checking project loanscope-9f38b for permissions ["firebase.projects.get"]
[debug] [2025-01-31T08:07:32.906Z] Checked if tokens are valid: true, expires at: 1738313821291
[debug] [2025-01-31T08:07:32.906Z] Checked if tokens are valid: true, expires at: 1738313821291
[debug] [2025-01-31T08:07:32.906Z] >>> [apiv2][query] POST https://cloudresourcemanager.googleapis.com/v1/projects/loanscope-9f38b:testIamPermissions [none]
[debug] [2025-01-31T08:07:32.906Z] >>> [apiv2][(partial)header] POST https://cloudresourcemanager.googleapis.com/v1/projects/loanscope-9f38b:testIamPermissions x-goog-quota-user=projects/loanscope-9f38b
[debug] [2025-01-31T08:07:32.906Z] >>> [apiv2][body] POST https://cloudresourcemanager.googleapis.com/v1/projects/loanscope-9f38b:testIamPermissions {"permissions":["firebase.projects.get"]}
[debug] [2025-01-31T08:07:34.219Z] <<< [apiv2][status] POST https://cloudresourcemanager.googleapis.com/v1/projects/loanscope-9f38b:testIamPermissions 200
[debug] [2025-01-31T08:07:34.220Z] <<< [apiv2][body] POST https://cloudresourcemanager.googleapis.com/v1/projects/loanscope-9f38b:testIamPermissions {"permissions":["firebase.projects.get"]}
[debug] [2025-01-31T08:07:34.221Z] Checked if tokens are valid: true, expires at: 1738313821291
[debug] [2025-01-31T08:07:34.221Z] Checked if tokens are valid: true, expires at: 1738313821291
[debug] [2025-01-31T08:07:34.221Z] Checked if tokens are valid: true, expires at: 1738313821291
[debug] [2025-01-31T08:07:34.221Z] Checked if tokens are valid: true, expires at: 1738313821291
[debug] [2025-01-31T08:07:34.221Z] >>> [apiv2][query] GET https://serviceusage.googleapis.com/v1/projects/loanscope-9f38b/services/cloudfunctions.googleapis.com [none]
[debug] [2025-01-31T08:07:34.221Z] >>> [apiv2][(partial)header] GET https://serviceusage.googleapis.com/v1/projects/loanscope-9f38b/services/cloudfunctions.googleapis.com x-goog-quota-user=projects/loanscope-9f38b
[debug] [2025-01-31T08:07:34.223Z] >>> [apiv2][query] GET https://serviceusage.googleapis.com/v1/projects/loanscope-9f38b/services/runtimeconfig.googleapis.com [none]
[debug] [2025-01-31T08:07:34.223Z] >>> [apiv2][(partial)header] GET https://serviceusage.googleapis.com/v1/projects/loanscope-9f38b/services/runtimeconfig.googleapis.com x-goog-quota-user=projects/loanscope-9f38b
[debug] [2025-01-31T08:07:35.891Z] <<< [apiv2][status] GET https://serviceusage.googleapis.com/v1/projects/loanscope-9f38b/services/runtimeconfig.googleapis.com 200
[debug] [2025-01-31T08:07:35.891Z] <<< [apiv2][body] GET https://serviceusage.googleapis.com/v1/projects/loanscope-9f38b/services/runtimeconfig.googleapis.com [omitted]
[debug] [2025-01-31T08:07:35.900Z] <<< [apiv2][status] GET https://serviceusage.googleapis.com/v1/projects/loanscope-9f38b/services/cloudfunctions.googleapis.com 200
[debug] [2025-01-31T08:07:35.900Z] <<< [apiv2][body] GET https://serviceusage.googleapis.com/v1/projects/loanscope-9f38b/services/cloudfunctions.googleapis.com [omitted]
[debug] [2025-01-31T08:07:35.901Z] Checked if tokens are valid: true, expires at: 1738313821291
[debug] [2025-01-31T08:07:35.901Z] Checked if tokens are valid: true, expires at: 1738313821291
[debug] [2025-01-31T08:07:35.901Z] >>> [apiv2][query] POST https://serviceusage.googleapis.com/v1/projects/loanscope-9f38b/services/cloudfunctions.googleapis.com:enable [none]
[debug] [2025-01-31T08:07:35.901Z] >>> [apiv2][(partial)header] POST https://serviceusage.googleapis.com/v1/projects/loanscope-9f38b/services/cloudfunctions.googleapis.com:enable x-goog-quota-user=projects/loanscope-9f38b
[debug] [2025-01-31T08:07:37.551Z] <<< [apiv2][status] POST https://serviceusage.googleapis.com/v1/projects/loanscope-9f38b/services/cloudfunctions.googleapis.com:enable 200
[debug] [2025-01-31T08:07:37.552Z] <<< [apiv2][body] POST https://serviceusage.googleapis.com/v1/projects/loanscope-9f38b/services/cloudfunctions.googleapis.com:enable [omitted]
[debug] [2025-01-31T08:07:47.560Z] Checked if tokens are valid: true, expires at: 1738313821291
[debug] [2025-01-31T08:07:47.560Z] Checked if tokens are valid: true, expires at: 1738313821291
[debug] [2025-01-31T08:07:47.561Z] >>> [apiv2][query] GET https://serviceusage.googleapis.com/v1/projects/loanscope-9f38b/services/cloudfunctions.googleapis.com [none]
[debug] [2025-01-31T08:07:47.561Z] >>> [apiv2][(partial)header] GET https://serviceusage.googleapis.com/v1/projects/loanscope-9f38b/services/cloudfunctions.googleapis.com x-goog-quota-user=projects/loanscope-9f38b
[debug] [2025-01-31T08:07:49.159Z] <<< [apiv2][status] GET https://serviceusage.googleapis.com/v1/projects/loanscope-9f38b/services/cloudfunctions.googleapis.com 200
[debug] [2025-01-31T08:07:49.159Z] <<< [apiv2][body] GET https://serviceusage.googleapis.com/v1/projects/loanscope-9f38b/services/cloudfunctions.googleapis.com [omitted]
[info] Let's create a new codebase for your functions.
[info] A directory corresponding to the codebase will be created in your project
[info] with sample code pre-configured.

[info] See https://firebase.google.com/docs/functions/organize-functions for
[info] more information on organizing your functions using codebases.

[info] Functions can be deployed with firebase deploy.

[info] +  Wrote functions/requirements.txt 
[info] +  Wrote functions/.gitignore 
[info] +  Wrote functions/main.py 
[debug] [2025-01-31T08:12:07.228Z] Running command with virtualenv: command="F:\loanscope\functions\venv\Scripts\activate.bat", args=["","&&","pip3","install","--upgrade","pip"]
[debug] [2025-01-31T08:12:10.670Z] Error: spawn "F:\loanscope\functions\venv\Scripts\activate.bat" ENOENT
    at notFoundError (C:\Users\ragun\AppData\Roaming\npm\node_modules\firebase-tools\node_modules\cross-spawn\lib\enoent.js:6:26)
    at verifyENOENT (C:\Users\ragun\AppData\Roaming\npm\node_modules\firebase-tools\node_modules\cross-spawn\lib\enoent.js:40:16)
    at cp.emit (C:\Users\ragun\AppData\Roaming\npm\node_modules\firebase-tools\node_modules\cross-spawn\lib\enoent.js:27:25)
    at ChildProcess._handle.onexit (node:internal/child_process:294:12)
[error] 
[error] Error: An unexpected error has occurred.
